<?xml version="1.0" encoding="UTF-8"?>
<!-- Generated by org.testng.reporters.JUnitXMLReporter -->
<testsuite ignored="0" hostname="LAPTOP-5URF67FJ" failures="1" tests="1" name="Test" time="0.086" errors="0" timestamp="2025-01-30T01:58:17 IST">
  <testcase classname="testCases.TC001_CheckboxDemo" name="checkbox_demo" time="0.042">
    <failure type="java.lang.AssertionError" message="null">
      <![CDATA[java.lang.AssertionError: null
at testCases.TC001_CheckboxDemo.checkbox_demo(TC001_CheckboxDemo.java:28)
at java.base/java.util.ArrayList.forEach(ArrayList.java:1596)
... Removed 27 stack frames]]>
    </failure>
  </testcase> <!-- checkbox_demo -->
</testsuite> <!-- Test -->
